<?xml version="1.0" encoding="UTF-8"?>
<!-- Generated by org.testng.reporters.JUnitReportReporter -->
<testsuite hostname="Subhadip" failures="0" tests="2" name="testCases.TestCase6_ContactUsForm" time="29.378" errors="0" timestamp="2025-01-29T16:21:42 IST" skipped="0">
  <testcase classname="testCases.TestCase6_ContactUsForm" name="testCase6_ContactUsForm" time="12.376"/>
  <testcase classname="testCases.TestCase6_ContactUsForm" name="testCase6_ContactUsForm" time="17.002"/>
</testsuite> <!-- testCases.TestCase6_ContactUsForm -->
