<?xml version="1.0" encoding="UTF-8"?>
<!-- Generated by org.testng.reporters.JUnitReportReporter -->
<testsuite hostname="Subhadip" failures="0" tests="2" name="testCases.TestCase4_LogoutUser" time="20.137" errors="0" timestamp="2025-01-27T13:45:38 IST" skipped="0">
  <testcase classname="testCases.TestCase4_LogoutUser" name="testCase4_LogoutUser" time="8.498"/>
  <testcase classname="testCases.TestCase4_LogoutUser" name="testCase4_LogoutUser" time="11.639"/>
</testsuite> <!-- testCases.TestCase4_LogoutUser -->
