<?xml version="1.0" encoding="UTF-8"?>
<!-- Generated by org.testng.reporters.JUnitReportReporter -->
<testsuite hostname="Subhadip" failures="0" tests="1" name="testCases.TestCase8_VerifyAllProductsAndProductDetailPage" time="11.847" errors="0" timestamp="2025-01-29T16:21:42 IST" skipped="0">
  <testcase classname="testCases.TestCase8_VerifyAllProductsAndProductDetailPage" name="testCase8_VerifyAllProductsAndProductDetailPage" time="11.847"/>
</testsuite> <!-- testCases.TestCase8_VerifyAllProductsAndProductDetailPage -->
