<?xml version="1.0" encoding="UTF-8"?>
<!-- Generated by org.testng.reporters.JUnitReportReporter -->
<testsuite hostname="Subhadip" failures="0" tests="2" name="testCases.TestCase1_RegisterUser" time="99.903" errors="0" timestamp="2025-01-26T12:36:39 IST" skipped="0">
  <testcase classname="testCases.TestCase1_RegisterUser" name="testCase1_RegisterUser" time="48.060"/>
  <testcase classname="testCases.TestCase1_RegisterUser" name="testCase1_RegisterUser" time="51.843"/>
</testsuite> <!-- testCases.TestCase1_RegisterUser -->
