<?xml version="1.0" encoding="UTF-8"?>
<!-- Generated by org.testng.reporters.JUnitReportReporter -->
<testsuite hostname="Subhadip" failures="0" tests="2" name="testCases.TestCase5_RegisterUserWithExistingEmail" time="26.817" errors="0" timestamp="2025-01-27T13:45:38 IST" skipped="0">
  <testcase classname="testCases.TestCase5_RegisterUserWithExistingEmail" name="testCase5_RegisterUserWithExistingEmail" time="15.110"/>
  <testcase classname="testCases.TestCase5_RegisterUserWithExistingEmail" name="testCase5_RegisterUserWithExistingEmail" time="11.707"/>
</testsuite> <!-- testCases.TestCase5_RegisterUserWithExistingEmail -->
