<?xml version="1.0" encoding="UTF-8"?>
<!-- Generated by org.testng.reporters.JUnitReportReporter -->
<testsuite hostname="Subhadip" failures="0" tests="1" name="testCases.TestCase7_VerifyTestCasesPage" time="3.758" errors="0" timestamp="2025-01-27T14:13:32 IST" skipped="0">
  <testcase classname="testCases.TestCase7_VerifyTestCasesPage" name="testCase7_verifyTestCasePage" time="3.758"/>
</testsuite> <!-- testCases.TestCase7_VerifyTestCasesPage -->
