<?xml version="1.0" encoding="UTF-8"?>
<!-- Generated by org.testng.reporters.JUnitReportReporter -->
<testsuite hostname="Subhadip" failures="0" tests="1" name="testCases.TestCase2_LoginUserWithCorrectCreds" time="5.788" errors="0" timestamp="2025-01-26T11:06:45 IST" skipped="0">
  <testcase classname="testCases.TestCase2_LoginUserWithCorrectCreds" name="testCase2_LoginUserWithCorrectCreds" time="5.788"/>
</testsuite> <!-- testCases.TestCase2_LoginUserWithCorrectCreds -->
