<?xml version="1.0" encoding="UTF-8"?>
<!-- Generated by org.testng.reporters.JUnitReportReporter -->
<testsuite hostname="Subhadip" failures="0" tests="2" name="testCases.TestCase5_RegisterUserWithExistingEmail" time="14.277" errors="0" timestamp="2025-01-29T16:21:42 IST" skipped="0">
  <testcase classname="testCases.TestCase5_RegisterUserWithExistingEmail" name="testCase5_RegisterUserWithExistingEmail" time="6.365"/>
  <testcase classname="testCases.TestCase5_RegisterUserWithExistingEmail" name="testCase5_RegisterUserWithExistingEmail" time="7.912"/>
</testsuite> <!-- testCases.TestCase5_RegisterUserWithExistingEmail -->
