<?xml version="1.0" encoding="UTF-8"?>
<!-- Generated by org.testng.reporters.JUnitReportReporter -->
<testsuite hostname="Subhadip" failures="0" tests="2" name="testCases.TestCase4_LogoutUser" time="32.555" errors="0" timestamp="2025-01-26T12:36:39 IST" skipped="0">
  <testcase classname="testCases.TestCase4_LogoutUser" name="testCase4_LogoutUser" time="14.932"/>
  <testcase classname="testCases.TestCase4_LogoutUser" name="testCase4_LogoutUser" time="17.623"/>
</testsuite> <!-- testCases.TestCase4_LogoutUser -->
