<?xml version="1.0" encoding="UTF-8"?>
<!-- Generated by org.testng.reporters.JUnitReportReporter -->
<testsuite hostname="Subhadip" failures="0" tests="2" name="testCases.TestCase4_LogoutUser" time="24.445" errors="0" timestamp="2025-01-29T16:21:42 IST" skipped="0">
  <testcase classname="testCases.TestCase4_LogoutUser" name="testCase4_LogoutUser" time="6.722"/>
  <testcase classname="testCases.TestCase4_LogoutUser" name="testCase4_LogoutUser" time="17.723"/>
</testsuite> <!-- testCases.TestCase4_LogoutUser -->
