<?xml version="1.0" encoding="UTF-8"?>
<!-- Generated by org.testng.reporters.JUnitReportReporter -->
<testsuite hostname="Subhadip" failures="0" tests="2" name="testCases.TestCase3_LoginWithIncorrectCreds" time="18.595" errors="0" timestamp="2025-01-27T13:45:38 IST" skipped="0">
  <testcase classname="testCases.TestCase3_LoginWithIncorrectCreds" name="testCase3_LoginWithIncorrectCreds" time="13.966"/>
  <testcase classname="testCases.TestCase3_LoginWithIncorrectCreds" name="testCase3_LoginWithIncorrectCreds" time="4.629"/>
</testsuite> <!-- testCases.TestCase3_LoginWithIncorrectCreds -->
