<?xml version="1.0" encoding="UTF-8"?>
<!-- Generated by org.testng.reporters.JUnitReportReporter -->
<testsuite hostname="Subhadip" failures="0" tests="2" name="testCases.TestCase5_RegisterUserWithExistingEmail" time="17.014" errors="0" timestamp="2025-01-26T12:36:39 IST" skipped="0">
  <testcase classname="testCases.TestCase5_RegisterUserWithExistingEmail" name="testCase5_RegisterUserWithExistingEmail" time="5.338"/>
  <testcase classname="testCases.TestCase5_RegisterUserWithExistingEmail" name="testCase5_RegisterUserWithExistingEmail" time="11.676"/>
</testsuite> <!-- testCases.TestCase5_RegisterUserWithExistingEmail -->
