<?xml version="1.0" encoding="UTF-8"?>
<!-- Generated by org.testng.reporters.JUnitReportReporter -->
<testsuite hostname="Subhadip" failures="0" tests="1" name="testCases.TestCase7_VerifyTestCasesPage" time="2.493" errors="0" timestamp="2025-01-29T16:21:42 IST" skipped="0">
  <testcase classname="testCases.TestCase7_VerifyTestCasesPage" name="testCase7_verifyTestCasePage" time="2.493"/>
</testsuite> <!-- testCases.TestCase7_VerifyTestCasesPage -->
