<?xml version="1.0" encoding="UTF-8"?>
<!-- Generated by org.testng.reporters.JUnitReportReporter -->
<testsuite hostname="Subhadip" failures="0" tests="1" name="testCases.TestCase1_RegisterUser" time="39.235" errors="0" timestamp="2025-01-25T15:29:54 IST" skipped="0">
  <testcase classname="testCases.TestCase1_RegisterUser" name="testCase1_RegisterUser" time="39.235"/>
</testsuite> <!-- testCases.TestCase1_RegisterUser -->
