<?xml version="1.0" encoding="UTF-8"?>
<!-- Generated by org.testng.reporters.JUnitReportReporter -->
<testsuite hostname="Subhadip" failures="0" tests="2" name="testCases.TestCase1_RegisterUser" time="72.329" errors="0" timestamp="2025-01-27T13:45:38 IST" skipped="0">
  <testcase classname="testCases.TestCase1_RegisterUser" name="testCase1_RegisterUser" time="35.556"/>
  <testcase classname="testCases.TestCase1_RegisterUser" name="testCase1_RegisterUser" time="36.773"/>
</testsuite> <!-- testCases.TestCase1_RegisterUser -->
