<?xml version="1.0" encoding="UTF-8"?>
<!-- Generated by org.testng.reporters.JUnitReportReporter -->
<testsuite hostname="Subhadip" failures="0" tests="2" name="testCases.TestCase6_ContactUsForm" time="27.335" errors="0" timestamp="2025-01-27T13:45:38 IST" skipped="0">
  <testcase classname="testCases.TestCase6_ContactUsForm" name="testCase6_ContactUsForm" time="12.591"/>
  <testcase classname="testCases.TestCase6_ContactUsForm" name="testCase6_ContactUsForm" time="14.744"/>
</testsuite> <!-- testCases.TestCase6_ContactUsForm -->
