<?xml version="1.0" encoding="UTF-8"?>
<!-- Generated by org.testng.reporters.JUnitReportReporter -->
<testsuite hostname="Subhadip" failures="0" tests="2" name="testCases.TestCase1_RegisterUser" time="112.138" errors="0" timestamp="2025-01-29T16:21:42 IST" skipped="0">
  <testcase classname="testCases.TestCase1_RegisterUser" name="testCase1_RegisterUser" time="49.452"/>
  <testcase classname="testCases.TestCase1_RegisterUser" name="testCase1_RegisterUser" time="62.686"/>
</testsuite> <!-- testCases.TestCase1_RegisterUser -->
