<?xml version="1.0" encoding="UTF-8"?>
<!-- Generated by org.testng.reporters.JUnitReportReporter -->
<testsuite hostname="Subhadip" failures="0" tests="2" name="testCases.TestCase3_LoginWithIncorrectCreds" time="19.903" errors="0" timestamp="2025-01-29T16:21:42 IST" skipped="0">
  <testcase classname="testCases.TestCase3_LoginWithIncorrectCreds" name="testCase3_LoginWithIncorrectCreds" time="7.509"/>
  <testcase classname="testCases.TestCase3_LoginWithIncorrectCreds" name="testCase3_LoginWithIncorrectCreds" time="12.394"/>
</testsuite> <!-- testCases.TestCase3_LoginWithIncorrectCreds -->
