<?xml version="1.0" encoding="UTF-8"?>
<!-- Generated by org.testng.reporters.JUnitReportReporter -->
<testsuite hostname="Subhadip" failures="0" tests="1" name="testCases.TestCase8_VerifyAllProductsAndProductDetailPage" time="28.470" errors="0" timestamp="2025-01-29T14:53:41 IST" skipped="0">
  <testcase classname="testCases.TestCase8_VerifyAllProductsAndProductDetailPage" name="testCase8_VerifyAllProductsAndProductDetailPage" time="28.470"/>
</testsuite> <!-- testCases.TestCase8_VerifyAllProductsAndProductDetailPage -->
