<?xml version="1.0" encoding="UTF-8"?>
<!-- Generated by org.testng.reporters.JUnitReportReporter -->
<testsuite hostname="Subhadip" failures="0" tests="2" name="testCases.TestCase3_LoginWithIncorrectCreds" time="12.808" errors="0" timestamp="2025-01-26T12:36:39 IST" skipped="0">
  <testcase classname="testCases.TestCase3_LoginWithIncorrectCreds" name="testCase3_LoginWithIncorrectCreds" time="9.188"/>
  <testcase classname="testCases.TestCase3_LoginWithIncorrectCreds" name="testCase3_LoginWithIncorrectCreds" time="3.620"/>
</testsuite> <!-- testCases.TestCase3_LoginWithIncorrectCreds -->
