<?xml version="1.0" encoding="UTF-8"?>
<!-- Generated by org.testng.reporters.JUnitReportReporter -->
<testsuite hostname="Subhadip" failures="0" tests="1" name="testCases.TC001_EndToEndTest" time="9.256" errors="0" timestamp="2024-12-31T12:12:07 IST" skipped="0">
  <testcase classname="testCases.TC001_EndToEndTest" name="validate_EndToEndTest" time="9.256"/>
  <system-out/>
</testsuite> <!-- testCases.TC001_EndToEndTest -->
